g:\repos\termimage\core\core\x64\debug\obj\vc141.pdb
g:\repos\termimage\core\core\x64\debug\obj\vc141.idb
g:\repos\termimage\core\core\x64\debug\obj\core.obj
g:\repos\termimage\core\core\x64\debug\obj\core.pch
g:\repos\termimage\core\core\x64\debug\obj\stdafx.obj
g:\repos\termimage\core\core\x64\debug\obj\dllmain.obj
g:\repos\termimage\core\core\x64\debug\obj\consolecontroller.obj
g:\repos\termimage\core\core\x64\debug\bin\core.lib
g:\repos\termimage\core\core\x64\debug\bin\core.exp
g:\repos\termimage\core\core\x64\debug\bin\core.ilk
g:\repos\termimage\core\core\x64\debug\bin\core.dll
g:\repos\termimage\core\core\x64\debug\bin\core.pdb
g:\repos\termimage\core\core\x64\debug\obj\core.tlog\cl.command.1.tlog
g:\repos\termimage\core\core\x64\debug\obj\core.tlog\cl.read.1.tlog
g:\repos\termimage\core\core\x64\debug\obj\core.tlog\cl.write.1.tlog
g:\repos\termimage\core\core\x64\debug\obj\core.tlog\core.write.1u.tlog
g:\repos\termimage\core\core\x64\debug\obj\core.tlog\link-cvtres.read.1.tlog
g:\repos\termimage\core\core\x64\debug\obj\core.tlog\link-cvtres.write.1.tlog
g:\repos\termimage\core\core\x64\debug\obj\core.tlog\link-rc.read.1.tlog
g:\repos\termimage\core\core\x64\debug\obj\core.tlog\link-rc.write.1.tlog
g:\repos\termimage\core\core\x64\debug\obj\core.tlog\link.12424.delete.1.tlog
g:\repos\termimage\core\core\x64\debug\obj\core.tlog\link.15156.delete.1.tlog
g:\repos\termimage\core\core\x64\debug\obj\core.tlog\link.2320-cvtres.read.1.tlog
g:\repos\termimage\core\core\x64\debug\obj\core.tlog\link.2320-cvtres.write.1.tlog
g:\repos\termimage\core\core\x64\debug\obj\core.tlog\link.2320-rc.read.1.tlog
g:\repos\termimage\core\core\x64\debug\obj\core.tlog\link.2320-rc.write.1.tlog
g:\repos\termimage\core\core\x64\debug\obj\core.tlog\link.2320.read.1.tlog
g:\repos\termimage\core\core\x64\debug\obj\core.tlog\link.2320.write.1.tlog
g:\repos\termimage\core\core\x64\debug\obj\core.tlog\link.command.1.tlog
g:\repos\termimage\core\core\x64\debug\obj\core.tlog\link.delete.1.tlog
g:\repos\termimage\core\core\x64\debug\obj\core.tlog\link.read.1.tlog
g:\repos\termimage\core\core\x64\debug\obj\core.tlog\link.write.1.tlog
